<?xml version="1.0" encoding="UTF-8"?>
<!-- Generated by org.testng.reporters.JUnitXMLReporter -->
<testsuite hostname="NOI-665BNN2" name="Default test" tests="5" failures="0" timestamp="3 Jun 2020 05:26:55 GMT" time="77.235" errors="0">
  <testcase name="registrationPage" time="66.687" classname="com.newtours.tests.BookFlightTest"/>
  <testcase name="registrationConfirmationPage" time="1.059" classname="com.newtours.tests.BookFlightTest"/>
  <testcase name="flightDetailsPage" time="1.269" classname="com.newtours.tests.BookFlightTest"/>
  <testcase name="findFlightPage" time="2.968" classname="com.newtours.tests.BookFlightTest"/>
  <testcase name="flightConfirmationPage" time="1.505" classname="com.newtours.tests.BookFlightTest"/>
</testsuite> <!-- Default test -->
