<?xml version="1.0" encoding="UTF-8"?>
<testsuite xmlns:xsi="http://www.w3.org/2001/XMLSchema-instance" xsi:noNamespaceSchemaLocation="https://maven.apache.org/surefire/maven-surefire-plugin/xsd/surefire-test-report-3.0.xsd" version="3.0" name="TestSuite" time="475.248" tests="20" errors="0" skipped="2" failures="1">
  <properties>
[...]
</properties>
  <testcase name="registrationPage" classname="com.newtours.tests.BookFlightTest" time="73.772"/>
  <testcase name="registrationPage" classname="com.newtours.tests.BookFlightTest" time="151.884"/>
  <testcase name="registrationPage" classname="com.newtours.tests.BookFlightTest" time="53.345"/>
  <testcase name="registrationPage" classname="com.newtours.tests.BookFlightTest" time="129.965"/>
  <testcase name="registrationConfirmationPage" classname="com.newtours.tests.BookFlightTest" time="5.299"/>
  <testcase name="registrationConfirmationPage" classname="com.newtours.tests.BookFlightTest" time="1.158"/>
  <testcase name="registrationConfirmationPage" classname="com.newtours.tests.BookFlightTest" time="1.083"/>
  <testcase name="registrationConfirmationPage" classname="com.newtours.tests.BookFlightTest" time="1.131"/>
  <testcase name="flightDetailsPage" classname="com.newtours.tests.BookFlightTest" time="30.115">
    <failure message="Expected condition failed: waiting for element to be clickable: Proxy element for: DefaultElementLocator &apos;By.name: passCount&apos; (tried for 30 second(s) with 500 milliseconds interval)" type="org.openqa.selenium.TimeoutException"><![CDATA[org.openqa.selenium.TimeoutException: Expected condition failed: waiting for element to be clickable: Proxy element for: DefaultElementLocator 'By.name: passCount' (tried for 30 second(s) with 500 milliseconds interval)
	at com.newtours.tests.BookFlightTest.flightDetailsPage(BookFlightTest.java:55)
Caused by: org.openqa.selenium.NoSuchElementException: 
no such element: Unable to locate element: {"method":"css selector","selector":"*[name='passCount']"}
  (Session info: chrome=83.0.4103.61)
For documentation on this error, please visit: http://seleniumhq.org/exceptions/no_such_element.html
Build info: version: '3.14.0', revision: 'aacccce0', time: '2018-08-02T20:19:58.91Z'
System info: host: 'NOI-665BNN2', ip: '192.168.0.5', os.name: 'Windows 7', os.arch: 'amd64', os.version: '6.1', java.version: '1.8.0_211'
Driver info: org.openqa.selenium.chrome.ChromeDriver
Capabilities {acceptInsecureCerts: false, browserName: chrome, browserVersion: 83.0.4103.61, chrome: {chromedriverVersion: 83.0.4103.39 (ccbf011cb2d2b..., userDataDir: C:\Users\10060442\AppData\L...}, goog:chromeOptions: {debuggerAddress: localhost:55505}, javascriptEnabled: true, networkConnectionEnabled: false, pageLoadStrategy: normal, platform: WINDOWS, platformName: WINDOWS, proxy: Proxy(), setWindowRect: true, strictFileInteractability: false, timeouts: {implicit: 0, pageLoad: 300000, script: 30000}, unhandledPromptBehavior: dismiss and notify, webauthn:virtualAuthenticators: true}
Session ID: be0c3286b43143c0655e6349d56158f4
*** Element info: {Using=name, value=passCount}
	at com.newtours.tests.BookFlightTest.flightDetailsPage(BookFlightTest.java:55)
]]></failure>
  </testcase>
  <testcase name="flightDetailsPage" classname="com.newtours.tests.BookFlightTest" time="1.29"/>
  <testcase name="flightDetailsPage" classname="com.newtours.tests.BookFlightTest" time="0.981"/>
  <testcase name="flightDetailsPage" classname="com.newtours.tests.BookFlightTest" time="1.874"/>
  <testcase name="findFlightPage" classname="com.newtours.tests.BookFlightTest" time="0">
    <skipped message="Method BookFlightTest.findFlightPage()[pri:0, instance:com.newtours.tests.BookFlightTest@4566e5bd] depends on not successfully finished methods"/>
  </testcase>
  <testcase name="findFlightPage" classname="com.newtours.tests.BookFlightTest" time="2.455"/>
  <testcase name="findFlightPage" classname="com.newtours.tests.BookFlightTest" time="2.53"/>
  <testcase name="findFlightPage" classname="com.newtours.tests.BookFlightTest" time="2.428"/>
  <testcase name="flightConfirmationPage" classname="com.newtours.tests.BookFlightTest" time="0">
    <skipped message="Method BookFlightTest.flightConfirmationPage()[pri:0, instance:com.newtours.tests.BookFlightTest@4566e5bd] depends on not successfully finished methods"/>
  </testcase>
  <testcase name="flightConfirmationPage" classname="com.newtours.tests.BookFlightTest" time="1.46"/>
  <testcase name="flightConfirmationPage" classname="com.newtours.tests.BookFlightTest" time="1.316"/>
  <testcase name="flightConfirmationPage" classname="com.newtours.tests.BookFlightTest" time="1.229"/>
</testsuite>