<?xml version="1.0" encoding="UTF-8"?>
<!-- Generated by org.testng.reporters.JUnitXMLReporter -->
<testsuite hostname="NOI-665BNN2" name="book-flight-1" tests="5" failures="0" timestamp="3 Jun 2020 05:53:39 GMT" time="23.794" errors="0">
  <testcase name="registrationPage" time="14.177" classname="com.newtours.tests.BookFlightTest"/>
  <testcase name="registrationConfirmationPage" time="1.081" classname="com.newtours.tests.BookFlightTest"/>
  <testcase name="flightDetailsPage" time="0.928" classname="com.newtours.tests.BookFlightTest"/>
  <testcase name="findFlightPage" time="2.704" classname="com.newtours.tests.BookFlightTest"/>
  <testcase name="flightConfirmationPage" time="1.443" classname="com.newtours.tests.BookFlightTest"/>
</testsuite> <!-- book-flight-1 -->
