<?xml version="1.0" encoding="UTF-8"?>
<!-- Generated by org.testng.reporters.JUnitXMLReporter -->
<testsuite hostname="NOI-665BNN2" name="book-flight-2" tests="5" failures="0" timestamp="3 Jun 2020 05:55:56 GMT" time="136.631" errors="0">
  <testcase name="registrationPage" time="127.389" classname="com.newtours.tests.BookFlightTest"/>
  <testcase name="registrationConfirmationPage" time="1.453" classname="com.newtours.tests.BookFlightTest"/>
  <testcase name="flightDetailsPage" time="1.179" classname="com.newtours.tests.BookFlightTest"/>
  <testcase name="findFlightPage" time="2.879" classname="com.newtours.tests.BookFlightTest"/>
  <testcase name="flightConfirmationPage" time="1.374" classname="com.newtours.tests.BookFlightTest"/>
</testsuite> <!-- book-flight-2 -->
