<?xml version="1.0" encoding="UTF-8"?>
<!-- Generated by org.testng.reporters.JUnitXMLReporter -->
<testsuite hostname="NOI-665BNN2" name="book-flight-3" tests="5" failures="0" timestamp="3 Jun 2020 05:57:27 GMT" time="91.047" errors="0">
  <testcase name="registrationPage" time="80.228" classname="com.newtours.tests.BookFlightTest"/>
  <testcase name="registrationConfirmationPage" time="1.326" classname="com.newtours.tests.BookFlightTest"/>
  <testcase name="flightDetailsPage" time="1.059" classname="com.newtours.tests.BookFlightTest"/>
  <testcase name="findFlightPage" time="2.496" classname="com.newtours.tests.BookFlightTest"/>
  <testcase name="flightConfirmationPage" time="1.263" classname="com.newtours.tests.BookFlightTest"/>
</testsuite> <!-- book-flight-3 -->
