<?xml version="1.0" encoding="UTF-8"?>
<!-- Generated by org.testng.reporters.JUnitXMLReporter -->
<testsuite hostname="NOI-665BNN2" ignored="0" name="book-flight-2" tests="5" failures="0" timestamp="2020-06-04T11:07:04 IST" time="160.555" errors="0">
  <testcase name="registrationPage" time="151.882" classname="com.newtours.tests.BookFlightTest"/>
  <testcase name="registrationConfirmationPage" time="1.16" classname="com.newtours.tests.BookFlightTest"/>
  <testcase name="flightDetailsPage" time="1.284" classname="com.newtours.tests.BookFlightTest"/>
  <testcase name="findFlightPage" time="2.461" classname="com.newtours.tests.BookFlightTest"/>
  <testcase name="flightConfirmationPage" time="1.46" classname="com.newtours.tests.BookFlightTest"/>
</testsuite> <!-- book-flight-2 -->
