<?xml version="1.0" encoding="UTF-8"?>
<!-- Generated by org.testng.reporters.JUnitXMLReporter -->
<testsuite hostname="NOI-665BNN2" ignored="0" name="book-flight-3" tests="5" failures="0" timestamp="2020-06-04T11:08:05 IST" time="61.568" errors="0">
  <testcase name="registrationPage" time="53.336" classname="com.newtours.tests.BookFlightTest"/>
  <testcase name="registrationConfirmationPage" time="1.088" classname="com.newtours.tests.BookFlightTest"/>
  <testcase name="flightDetailsPage" time="0.981" classname="com.newtours.tests.BookFlightTest"/>
  <testcase name="findFlightPage" time="2.53" classname="com.newtours.tests.BookFlightTest"/>
  <testcase name="flightConfirmationPage" time="1.317" classname="com.newtours.tests.BookFlightTest"/>
</testsuite> <!-- book-flight-3 -->
