<?xml version="1.0" encoding="UTF-8"?>
<!-- Generated by org.testng.reporters.JUnitXMLReporter -->
<testsuite hostname="NOI-665BNN2" ignored="0" name="book-flight-4" tests="5" failures="0" timestamp="2020-06-04T11:10:24 IST" time="138.861" errors="0">
  <testcase name="registrationPage" time="129.967" classname="com.newtours.tests.BookFlightTest"/>
  <testcase name="registrationConfirmationPage" time="1.13" classname="com.newtours.tests.BookFlightTest"/>
  <testcase name="flightDetailsPage" time="1.873" classname="com.newtours.tests.BookFlightTest"/>
  <testcase name="findFlightPage" time="2.428" classname="com.newtours.tests.BookFlightTest"/>
  <testcase name="flightConfirmationPage" time="1.229" classname="com.newtours.tests.BookFlightTest"/>
</testsuite> <!-- book-flight-4 -->
